# JRE version: OpenJDK Runtime Environment (8.0_112-b06) (build 1.8.0_112-release-b06)
# Java VM: OpenJDK 64-Bit Server VM (25.112-b06 mixed mode linux-amd64 compressed oops)
Heap:
 PSYoungGen      total 349696K, used 48071K [0x00000000e0000000, 0x0000000100000000, 0x0000000100000000)
  eden space 175104K, 0% used [0x00000000e0000000,0x00000000e0000000,0x00000000eab00000)
  from space 174592K, 27% used [0x00000000eab00000,0x00000000ed9f1f10,0x00000000f5580000)
  to   space 174592K, 0% used [0x00000000f5580000,0x00000000f5580000,0x0000000100000000)
 ParOldGen       total 533504K, used 533434K [0x00000000a0000000, 0x00000000c0900000, 0x00000000e0000000)
  object space 533504K, 99% used [0x00000000a0000000,0x00000000c08ee8a8,0x00000000c0900000)
 Metaspace       used 105729K, capacity 109830K, committed 110128K, reserved 1144832K
  class space    used 13440K, capacity 14110K, committed 14128K, reserved 1048576K
GC Heap History (10 events):
Event: 600.481 GC heap after
Heap after GC invocations=31 (full 5):
 PSYoungGen      total 349696K, used 137801K [0x00000000e0000000, 0x0000000100000000, 0x0000000100000000)
  eden space 175104K, 0% used [0x00000000e0000000,0x00000000e0000000,0x00000000eab00000)
  from space 174592K, 78% used [0x00000000f5580000,0x00000000fdc12420,0x0000000100000000)
  to   space 174592K, 0% used [0x00000000eab00000,0x00000000eab00000,0x00000000f5580000)
 ParOldGen       total 373760K, used 328422K [0x00000000a0000000, 0x00000000b6d00000, 0x00000000e0000000)
  object space 373760K, 87% used [0x00000000a0000000,0x00000000b40b9998,0x00000000b6d00000)
 Metaspace       used 96896K, capacity 100478K, committed 100784K, reserved 1136640K
  class space    used 12277K, capacity 12872K, committed 12976K, reserved 1048576K
}
Event: 600.481 GC heap before
{Heap before GC invocations=32 (full 6):
 PSYoungGen      total 349696K, used 137801K [0x00000000e0000000, 0x0000000100000000, 0x0000000100000000)
  eden space 175104K, 0% used [0x00000000e0000000,0x00000000e0000000,0x00000000eab00000)
  from space 174592K, 78% used [0x00000000f5580000,0x00000000fdc12420,0x0000000100000000)
  to   space 174592K, 0% used [0x00000000eab00000,0x00000000eab00000,0x00000000f5580000)
 ParOldGen       total 373760K, used 328422K [0x00000000a0000000, 0x00000000b6d00000, 0x00000000e0000000)
  object space 373760K, 87% used [0x00000000a0000000,0x00000000b40b9998,0x00000000b6d00000)
 Metaspace       used 96896K, capacity 100478K, committed 100784K, reserved 1136640K
  class space    used 12277K, capacity 12872K, committed 12976K, reserved 1048576K
Event: 605.133 GC heap after
Heap after GC invocations=32 (full 6):
 PSYoungGen      total 349696K, used 77733K [0x00000000e0000000, 0x0000000100000000, 0x0000000100000000)
  eden space 175104K, 0% used [0x00000000e0000000,0x00000000e0000000,0x00000000eab00000)
  from space 174592K, 44% used [0x00000000f5580000,0x00000000fa1694f8,0x0000000100000000)
  to   space 174592K, 0% used [0x00000000eab00000,0x00000000eab00000,0x00000000f5580000)
 ParOldGen       total 533504K, used 373566K [0x00000000a0000000, 0x00000000c0900000, 0x00000000e0000000)
  object space 533504K, 70% used [0x00000000a0000000,0x00000000b6ccfba8,0x00000000c0900000)
 Metaspace       used 96896K, capacity 100478K, committed 100784K, reserved 1136640K
  class space    used 12277K, capacity 12872K, committed 12976K, reserved 1048576K
}
Event: 607.001 GC heap before
{Heap before GC invocations=33 (full 6):
 PSYoungGen      total 349696K, used 252837K [0x00000000e0000000, 0x0000000100000000, 0x0000000100000000)
  eden space 175104K, 100% used [0x00000000e0000000,0x00000000eab00000,0x00000000eab00000)
  from space 174592K, 44% used [0x00000000f5580000,0x00000000fa1694f8,0x0000000100000000)
  to   space 174592K, 0% used [0x00000000eab00000,0x00000000eab00000,0x00000000f5580000)
 ParOldGen       total 533504K, used 373566K [0x00000000a0000000, 0x00000000c0900000, 0x00000000e0000000)
  object space 533504K, 70% used [0x00000000a0000000,0x00000000b6ccfba8,0x00000000c0900000)
 Metaspace       used 101147K, capacity 105092K, committed 105392K, reserved 1140736K
  class space    used 12843K, capacity 13479K, committed 13488K, reserved 1048576K
Event: 607.209 GC heap after
Heap after GC invocations=33 (full 6):
 PSYoungGen      total 349696K, used 117746K [0x00000000e0000000, 0x0000000100000000, 0x0000000100000000)
  eden space 175104K, 0% used [0x00000000e0000000,0x00000000e0000000,0x00000000eab00000)
  from space 174592K, 67% used [0x00000000eab00000,0x00000000f1dfcac0,0x00000000f5580000)
  to   space 174592K, 0% used [0x00000000f5580000,0x00000000f5580000,0x0000000100000000)
 ParOldGen       total 533504K, used 405339K [0x00000000a0000000, 0x00000000c0900000, 0x00000000e0000000)
  object space 533504K, 75% used [0x00000000a0000000,0x00000000b8bd6d78,0x00000000c0900000)
 Metaspace       used 101147K, capacity 105092K, committed 105392K, reserved 1140736K
  class space    used 12843K, capacity 13479K, committed 13488K, reserved 1048576K
}
Event: 706.992 GC heap before
{Heap before GC invocations=34 (full 6):
 PSYoungGen      total 349696K, used 292850K [0x00000000e0000000, 0x0000000100000000, 0x0000000100000000)
  eden space 175104K, 100% used [0x00000000e0000000,0x00000000eab00000,0x00000000eab00000)
  from space 174592K, 67% used [0x00000000eab00000,0x00000000f1dfcac0,0x00000000f5580000)
  to   space 174592K, 0% used [0x00000000f5580000,0x00000000f5580000,0x0000000100000000)
 ParOldGen       total 533504K, used 405339K [0x00000000a0000000, 0x00000000c0900000, 0x00000000e0000000)
  object space 533504K, 75% used [0x00000000a0000000,0x00000000b8bd6d78,0x00000000c0900000)
 Metaspace       used 101405K, capacity 105472K, committed 105776K, reserved 1140736K
  class space    used 12860K, capacity 13503K, committed 13616K, reserved 1048576K
Event: 707.125 GC heap after
Heap after GC invocations=34 (full 6):
 PSYoungGen      total 349696K, used 79608K [0x00000000e0000000, 0x0000000100000000, 0x0000000100000000)
  eden space 175104K, 0% used [0x00000000e0000000,0x00000000e0000000,0x00000000eab00000)
  from space 174592K, 45% used [0x00000000f5580000,0x00000000fa33e2a0,0x0000000100000000)
  to   space 174592K, 0% used [0x00000000eab00000,0x00000000eab00000,0x00000000f5580000)
 ParOldGen       total 533504K, used 448474K [0x00000000a0000000, 0x00000000c0900000, 0x00000000e0000000)
  object space 533504K, 84% used [0x00000000a0000000,0x00000000bb5f68d8,0x00000000c0900000)
 Metaspace       used 101405K, capacity 105472K, committed 105776K, reserved 1140736K
  class space    used 12860K, capacity 13503K, committed 13616K, reserved 1048576K
}
Event: 708.995 GC heap before
{Heap before GC invocations=35 (full 6):
 PSYoungGen      total 349696K, used 254712K [0x00000000e0000000, 0x0000000100000000, 0x0000000100000000)
  eden space 175104K, 100% used [0x00000000e0000000,0x00000000eab00000,0x00000000eab00000)
  from space 174592K, 45% used [0x00000000f5580000,0x00000000fa33e2a0,0x0000000100000000)
  to   space 174592K, 0% used [0x00000000eab00000,0x00000000eab00000,0x00000000f5580000)
 ParOldGen       total 533504K, used 448474K [0x00000000a0000000, 0x00000000c0900000, 0x00000000e0000000)
  object space 533504K, 84% used [0x00000000a0000000,0x00000000bb5f68d8,0x00000000c0900000)
 Metaspace       used 105729K, capacity 109830K, committed 110128K, reserved 1144832K
  class space    used 13440K, capacity 14110K, committed 14128K, reserved 1048576K
Event: 709.143 GC heap after
Heap after GC invocations=35 (full 6):
 PSYoungGen      total 349696K, used 65309K [0x00000000e0000000, 0x0000000100000000, 0x0000000100000000)
  eden space 175104K, 0% used [0x00000000e0000000,0x00000000e0000000,0x00000000eab00000)
  from space 174592K, 37% used [0x00000000eab00000,0x00000000eeac7788,0x00000000f5580000)
  to   space 174592K, 0% used [0x00000000f5580000,0x00000000f5580000,0x0000000100000000)
 ParOldGen       total 533504K, used 520568K [0x00000000a0000000, 0x00000000c0900000, 0x00000000e0000000)
  object space 533504K, 97% used [0x00000000a0000000,0x00000000bfc5e1e0,0x00000000c0900000)
 Metaspace       used 105729K, capacity 109830K, committed 110128K, reserved 1144832K
  class space    used 13440K, capacity 14110K, committed 14128K, reserved 1048576K
}
Event: 709.149 GC heap before
{Heap before GC invocations=36 (full 7):
 PSYoungGen      total 349696K, used 65309K [0x00000000e0000000, 0x0000000100000000, 0x0000000100000000)
  eden space 175104K, 0% used [0x00000000e0000000,0x00000000e0000000,0x00000000eab00000)
  from space 174592K, 37% used [0x00000000eab00000,0x00000000eeac7788,0x00000000f5580000)
  to   space 174592K, 0% used [0x00000000f5580000,0x00000000f5580000,0x0000000100000000)
 ParOldGen       total 533504K, used 520568K [0x00000000a0000000, 0x00000000c0900000, 0x00000000e0000000)
  object space 533504K, 97% used [0x00000000a0000000,0x00000000bfc5e1e0,0x00000000c0900000)
 Metaspace       used 105729K, capacity 109830K, committed 110128K, reserved 1144832K
  class space    used 13440K, capacity 14110K, committed 14128K, reserved 1048576K

