# JRE version: OpenJDK Runtime Environment (8.0_112-b06) (build 1.8.0_112-release-b06)
# Java VM: OpenJDK 64-Bit Server VM (25.112-b06 mixed mode linux-amd64 compressed oops)
Heap:
 PSYoungGen      total 370176K, used 0K [0x00000000e0000000, 0x0000000100000000, 0x0000000100000000)
  eden space 216064K, 0% used [0x00000000e0000000,0x00000000e0000000,0x00000000ed300000)
  from space 154112K, 0% used [0x00000000ed300000,0x00000000ed300000,0x00000000f6980000)
  to   space 147456K, 0% used [0x00000000f7000000,0x00000000f7000000,0x0000000100000000)
 ParOldGen       total 483840K, used 452648K [0x00000000a0000000, 0x00000000bd880000, 0x00000000e0000000)
  object space 483840K, 93% used [0x00000000a0000000,0x00000000bba0a1c8,0x00000000bd880000)
 Metaspace       used 98626K, capacity 102786K, committed 103040K, reserved 1138688K
  class space    used 12438K, capacity 13116K, committed 13184K, reserved 1048576K
GC Heap History (10 events):
Event: 683.812 GC heap after
Heap after GC invocations=31 (full 5):
 PSYoungGen      total 398848K, used 78012K [0x00000000e0000000, 0x0000000100000000, 0x0000000100000000)
  eden space 285696K, 0% used [0x00000000e0000000,0x00000000e0000000,0x00000000f1700000)
  from space 113152K, 68% used [0x00000000f9180000,0x00000000fddaf270,0x0000000100000000)
  to   space 119296K, 0% used [0x00000000f1700000,0x00000000f1700000,0x00000000f8b80000)
 ParOldGen       total 323584K, used 244825K [0x00000000a0000000, 0x00000000b3c00000, 0x00000000e0000000)
  object space 323584K, 75% used [0x00000000a0000000,0x00000000aef164b0,0x00000000b3c00000)
 Metaspace       used 89883K, capacity 93774K, committed 93952K, reserved 1130496K
  class space    used 11350K, capacity 12004K, committed 12032K, reserved 1048576K
}
Event: 712.616 GC heap before
{Heap before GC invocations=32 (full 5):
 PSYoungGen      total 398848K, used 363708K [0x00000000e0000000, 0x0000000100000000, 0x0000000100000000)
  eden space 285696K, 100% used [0x00000000e0000000,0x00000000f1700000,0x00000000f1700000)
  from space 113152K, 68% used [0x00000000f9180000,0x00000000fddaf270,0x0000000100000000)
  to   space 119296K, 0% used [0x00000000f1700000,0x00000000f1700000,0x00000000f8b80000)
 ParOldGen       total 323584K, used 244825K [0x00000000a0000000, 0x00000000b3c00000, 0x00000000e0000000)
  object space 323584K, 75% used [0x00000000a0000000,0x00000000aef164b0,0x00000000b3c00000)
 Metaspace       used 94087K, capacity 98086K, committed 98432K, reserved 1134592K
  class space    used 11887K, capacity 12552K, committed 12672K, reserved 1048576K
Event: 712.736 GC heap after
Heap after GC invocations=32 (full 5):
 PSYoungGen      total 404992K, used 119287K [0x00000000e0000000, 0x0000000100000000, 0x0000000100000000)
  eden space 285696K, 0% used [0x00000000e0000000,0x00000000e0000000,0x00000000f1700000)
  from space 119296K, 99% used [0x00000000f1700000,0x00000000f8b7dc98,0x00000000f8b80000)
  to   space 119296K, 0% used [0x00000000f8b80000,0x00000000f8b80000,0x0000000100000000)
 ParOldGen       total 323584K, used 264694K [0x00000000a0000000, 0x00000000b3c00000, 0x00000000e0000000)
  object space 323584K, 81% used [0x00000000a0000000,0x00000000b027dbe8,0x00000000b3c00000)
 Metaspace       used 94087K, capacity 98086K, committed 98432K, reserved 1134592K
  class space    used 11887K, capacity 12552K, committed 12672K, reserved 1048576K
}
Event: 764.125 GC heap before
{Heap before GC invocations=33 (full 5):
 PSYoungGen      total 404992K, used 404983K [0x00000000e0000000, 0x0000000100000000, 0x0000000100000000)
  eden space 285696K, 100% used [0x00000000e0000000,0x00000000f1700000,0x00000000f1700000)
  from space 119296K, 99% used [0x00000000f1700000,0x00000000f8b7dc98,0x00000000f8b80000)
  to   space 119296K, 0% used [0x00000000f8b80000,0x00000000f8b80000,0x0000000100000000)
 ParOldGen       total 323584K, used 264694K [0x00000000a0000000, 0x00000000b3c00000, 0x00000000e0000000)
  object space 323584K, 81% used [0x00000000a0000000,0x00000000b027dbe8,0x00000000b3c00000)
 Metaspace       used 95081K, capacity 99196K, committed 99456K, reserved 1136640K
  class space    used 11968K, capacity 12649K, committed 12672K, reserved 1048576K
Event: 764.295 GC heap after
Heap after GC invocations=33 (full 5):
 PSYoungGen      total 335360K, used 100527K [0x00000000e0000000, 0x0000000100000000, 0x0000000100000000)
  eden space 216064K, 0% used [0x00000000e0000000,0x00000000e0000000,0x00000000ed300000)
  from space 119296K, 84% used [0x00000000f8b80000,0x00000000fedabce8,0x0000000100000000)
  to   space 154112K, 0% used [0x00000000ed300000,0x00000000ed300000,0x00000000f6980000)
 ParOldGen       total 325632K, used 325270K [0x00000000a0000000, 0x00000000b3e00000, 0x00000000e0000000)
  object space 325632K, 99% used [0x00000000a0000000,0x00000000b3da5950,0x00000000b3e00000)
 Metaspace       used 95081K, capacity 99196K, committed 99456K, reserved 1136640K
  class space    used 11968K, capacity 12649K, committed 12672K, reserved 1048576K
}
Event: 764.295 GC heap before
{Heap before GC invocations=34 (full 6):
 PSYoungGen      total 335360K, used 100527K [0x00000000e0000000, 0x0000000100000000, 0x0000000100000000)
  eden space 216064K, 0% used [0x00000000e0000000,0x00000000e0000000,0x00000000ed300000)
  from space 119296K, 84% used [0x00000000f8b80000,0x00000000fedabce8,0x0000000100000000)
  to   space 154112K, 0% used [0x00000000ed300000,0x00000000ed300000,0x00000000f6980000)
 ParOldGen       total 325632K, used 325270K [0x00000000a0000000, 0x00000000b3e00000, 0x00000000e0000000)
  object space 325632K, 99% used [0x00000000a0000000,0x00000000b3da5950,0x00000000b3e00000)
 Metaspace       used 95081K, capacity 99196K, committed 99456K, reserved 1136640K
  class space    used 11968K, capacity 12649K, committed 12672K, reserved 1048576K
Event: 772.175 GC heap after
Heap after GC invocations=34 (full 6):
 PSYoungGen      total 335360K, used 90750K [0x00000000e0000000, 0x0000000100000000, 0x0000000100000000)
  eden space 216064K, 0% used [0x00000000e0000000,0x00000000e0000000,0x00000000ed300000)
  from space 119296K, 76% used [0x00000000f8b80000,0x00000000fe41fa08,0x0000000100000000)
  to   space 154112K, 0% used [0x00000000ed300000,0x00000000ed300000,0x00000000f6980000)
 ParOldGen       total 483840K, used 324823K [0x00000000a0000000, 0x00000000bd880000, 0x00000000e0000000)
  object space 483840K, 67% used [0x00000000a0000000,0x00000000b3d35e38,0x00000000bd880000)
 Metaspace       used 95081K, capacity 99196K, committed 99456K, reserved 1136640K
  class space    used 11968K, capacity 12649K, committed 12672K, reserved 1048576K
}
Event: 858.641 GC heap before
{Heap before GC invocations=35 (full 6):
 PSYoungGen      total 335360K, used 306814K [0x00000000e0000000, 0x0000000100000000, 0x0000000100000000)
  eden space 216064K, 100% used [0x00000000e0000000,0x00000000ed300000,0x00000000ed300000)
  from space 119296K, 76% used [0x00000000f8b80000,0x00000000fe41fa08,0x0000000100000000)
  to   space 154112K, 0% used [0x00000000ed300000,0x00000000ed300000,0x00000000f6980000)
 ParOldGen       total 483840K, used 324823K [0x00000000a0000000, 0x00000000bd880000, 0x00000000e0000000)
  object space 483840K, 67% used [0x00000000a0000000,0x00000000b3d35e38,0x00000000bd880000)
 Metaspace       used 98626K, capacity 102786K, committed 103040K, reserved 1138688K
  class space    used 12438K, capacity 13116K, committed 13184K, reserved 1048576K
Event: 858.937 GC heap after
Heap after GC invocations=35 (full 6):
 PSYoungGen      total 370176K, used 45197K [0x00000000e0000000, 0x0000000100000000, 0x0000000100000000)
  eden space 216064K, 0% used [0x00000000e0000000,0x00000000e0000000,0x00000000ed300000)
  from space 154112K, 29% used [0x00000000ed300000,0x00000000eff23510,0x00000000f6980000)
  to   space 147456K, 0% used [0x00000000f7000000,0x00000000f7000000,0x0000000100000000)
 ParOldGen       total 483840K, used 412737K [0x00000000a0000000, 0x00000000bd880000, 0x00000000e0000000)
  object space 483840K, 85% used [0x00000000a0000000,0x00000000b9310590,0x00000000bd880000)
 Metaspace       used 98626K, capacity 102786K, committed 103040K, reserved 1138688K
  class space    used 12438K, capacity 13116K, committed 13184K, reserved 1048576K
}
Event: 858.937 GC heap before
{Heap before GC invocations=36 (full 7):
 PSYoungGen      total 370176K, used 45197K [0x00000000e0000000, 0x0000000100000000, 0x0000000100000000)
  eden space 216064K, 0% used [0x00000000e0000000,0x00000000e0000000,0x00000000ed300000)
  from space 154112K, 29% used [0x00000000ed300000,0x00000000eff23510,0x00000000f6980000)
  to   space 147456K, 0% used [0x00000000f7000000,0x00000000f7000000,0x0000000100000000)
 ParOldGen       total 483840K, used 412737K [0x00000000a0000000, 0x00000000bd880000, 0x00000000e0000000)
  object space 483840K, 85% used [0x00000000a0000000,0x00000000b9310590,0x00000000bd880000)
 Metaspace       used 98626K, capacity 102786K, committed 103040K, reserved 1138688K
  class space    used 12438K, capacity 13116K, committed 13184K, reserved 1048576K

