# JRE version: OpenJDK Runtime Environment (8.0_76-b03) (build 1.8.0_76-release-b03)
# Java VM: OpenJDK 64-Bit Server VM (25.76-b03 mixed mode linux-amd64 compressed oops)
Heap:
 PSYoungGen      total 333824K, used 24054K [0x00000000e0000000, 0x00000000f5d80000, 0x0000000100000000)
  eden space 309760K, 0% used [0x00000000e0000000,0x00000000e0000000,0x00000000f2e80000)
  from space 24064K, 99% used [0x00000000f2e80000,0x00000000f45fd9b0,0x00000000f4600000)
  to   space 23552K, 0% used [0x00000000f4600000,0x00000000f4600000,0x00000000f5d00000)
 ParOldGen       total 87552K, used 46532K [0x00000000a0000000, 0x00000000a5580000, 0x00000000e0000000)
  object space 87552K, 53% used [0x00000000a0000000,0x00000000a2d713c0,0x00000000a5580000)
 Metaspace       used 61895K, capacity 63576K, committed 63744K, reserved 1103872K
  class space    used 8011K, capacity 8396K, committed 8448K, reserved 1048576K
GC Heap History (10 events):
Event: 31.578 GC heap after
Heap after GC invocations=13 (full 2):
 PSYoungGen      total 180224K, used 15330K [0x00000000e0000000, 0x00000000f0780000, 0x0000000100000000)
  eden space 164864K, 0% used [0x00000000e0000000,0x00000000e0000000,0x00000000ea100000)
  from space 15360K, 99% used [0x00000000ea100000,0x00000000eaff8838,0x00000000eb000000)
  to   space 21504K, 0% used [0x00000000ef280000,0x00000000ef280000,0x00000000f0780000)
 ParOldGen       total 56320K, used 32908K [0x00000000a0000000, 0x00000000a3700000, 0x00000000e0000000)
  object space 56320K, 58% used [0x00000000a0000000,0x00000000a2023030,0x00000000a3700000)
 Metaspace       used 50672K, capacity 52046K, committed 52096K, reserved 1093632K
  class space    used 6727K, capacity 7027K, committed 7040K, reserved 1048576K
}
Event: 42.302 GC heap before
{Heap before GC invocations=14 (full 2):
 PSYoungGen      total 180224K, used 180194K [0x00000000e0000000, 0x00000000f0780000, 0x0000000100000000)
  eden space 164864K, 100% used [0x00000000e0000000,0x00000000ea100000,0x00000000ea100000)
  from space 15360K, 99% used [0x00000000ea100000,0x00000000eaff8838,0x00000000eb000000)
  to   space 21504K, 0% used [0x00000000ef280000,0x00000000ef280000,0x00000000f0780000)
 ParOldGen       total 56320K, used 32908K [0x00000000a0000000, 0x00000000a3700000, 0x00000000e0000000)
  object space 56320K, 58% used [0x00000000a0000000,0x00000000a2023030,0x00000000a3700000)
 Metaspace       used 57223K, capacity 58740K, committed 58880K, reserved 1099776K
  class space    used 7528K, capacity 7852K, committed 7936K, reserved 1048576K
Event: 42.386 GC heap after
Heap after GC invocations=14 (full 2):
 PSYoungGen      total 242688K, used 21478K [0x00000000e0000000, 0x00000000f0900000, 0x0000000100000000)
  eden space 221184K, 0% used [0x00000000e0000000,0x00000000e0000000,0x00000000ed800000)
  from space 21504K, 99% used [0x00000000ef280000,0x00000000f0779988,0x00000000f0780000)
  to   space 25088K, 0% used [0x00000000ed800000,0x00000000ed800000,0x00000000ef080000)
 ParOldGen       total 56320K, used 33033K [0x00000000a0000000, 0x00000000a3700000, 0x00000000e0000000)
  object space 56320K, 58% used [0x00000000a0000000,0x00000000a20427e0,0x00000000a3700000)
 Metaspace       used 57223K, capacity 58740K, committed 58880K, reserved 1099776K
  class space    used 7528K, capacity 7852K, committed 7936K, reserved 1048576K
}
Event: 42.811 GC heap before
{Heap before GC invocations=15 (full 2):
 PSYoungGen      total 242688K, used 35118K [0x00000000e0000000, 0x00000000f0900000, 0x0000000100000000)
  eden space 221184K, 6% used [0x00000000e0000000,0x00000000e0d52240,0x00000000ed800000)
  from space 21504K, 99% used [0x00000000ef280000,0x00000000f0779988,0x00000000f0780000)
  to   space 25088K, 0% used [0x00000000ed800000,0x00000000ed800000,0x00000000ef080000)
 ParOldGen       total 56320K, used 33033K [0x00000000a0000000, 0x00000000a3700000, 0x00000000e0000000)
  object space 56320K, 58% used [0x00000000a0000000,0x00000000a20427e0,0x00000000a3700000)
 Metaspace       used 57616K, capacity 59100K, committed 59136K, reserved 1099776K
  class space    used 7587K, capacity 7926K, committed 7936K, reserved 1048576K
Event: 42.860 GC heap after
Heap after GC invocations=15 (full 2):
 PSYoungGen      total 246272K, used 10424K [0x00000000e0000000, 0x00000000f5d00000, 0x0000000100000000)
  eden space 221184K, 0% used [0x00000000e0000000,0x00000000e0000000,0x00000000ed800000)
  from space 25088K, 41% used [0x00000000ed800000,0x00000000ee22e160,0x00000000ef080000)
  to   space 23552K, 0% used [0x00000000f4600000,0x00000000f4600000,0x00000000f5d00000)
 ParOldGen       total 56320K, used 42955K [0x00000000a0000000, 0x00000000a3700000, 0x00000000e0000000)
  object space 56320K, 76% used [0x00000000a0000000,0x00000000a29f2f28,0x00000000a3700000)
 Metaspace       used 57616K, capacity 59100K, committed 59136K, reserved 1099776K
  class space    used 7587K, capacity 7926K, committed 7936K, reserved 1048576K
}
Event: 42.860 GC heap before
{Heap before GC invocations=16 (full 3):
 PSYoungGen      total 246272K, used 10424K [0x00000000e0000000, 0x00000000f5d00000, 0x0000000100000000)
  eden space 221184K, 0% used [0x00000000e0000000,0x00000000e0000000,0x00000000ed800000)
  from space 25088K, 41% used [0x00000000ed800000,0x00000000ee22e160,0x00000000ef080000)
  to   space 23552K, 0% used [0x00000000f4600000,0x00000000f4600000,0x00000000f5d00000)
 ParOldGen       total 56320K, used 42955K [0x00000000a0000000, 0x00000000a3700000, 0x00000000e0000000)
  object space 56320K, 76% used [0x00000000a0000000,0x00000000a29f2f28,0x00000000a3700000)
 Metaspace       used 57616K, capacity 59100K, committed 59136K, reserved 1099776K
  class space    used 7587K, capacity 7926K, committed 7936K, reserved 1048576K
Event: 43.346 GC heap after
Heap after GC invocations=16 (full 3):
 PSYoungGen      total 246272K, used 0K [0x00000000e0000000, 0x00000000f5d00000, 0x0000000100000000)
  eden space 221184K, 0% used [0x00000000e0000000,0x00000000e0000000,0x00000000ed800000)
  from space 25088K, 0% used [0x00000000ed800000,0x00000000ed800000,0x00000000ef080000)
  to   space 23552K, 0% used [0x00000000f4600000,0x00000000f4600000,0x00000000f5d00000)
 ParOldGen       total 87552K, used 38022K [0x00000000a0000000, 0x00000000a5580000, 0x00000000e0000000)
  object space 87552K, 43% used [0x00000000a0000000,0x00000000a2521b08,0x00000000a5580000)
 Metaspace       used 57614K, capacity 59094K, committed 59136K, reserved 1099776K
  class space    used 7586K, capacity 7925K, committed 7936K, reserved 1048576K
}
Event: 43.818 GC heap before
{Heap before GC invocations=17 (full 3):
 PSYoungGen      total 246272K, used 220333K [0x00000000e0000000, 0x00000000f5d00000, 0x0000000100000000)
  eden space 221184K, 99% used [0x00000000e0000000,0x00000000ed72b698,0x00000000ed800000)
  from space 25088K, 0% used [0x00000000ed800000,0x00000000ed800000,0x00000000ef080000)
  to   space 23552K, 0% used [0x00000000f4600000,0x00000000f4600000,0x00000000f5d00000)
 ParOldGen       total 87552K, used 38022K [0x00000000a0000000, 0x00000000a5580000, 0x00000000e0000000)
  object space 87552K, 43% used [0x00000000a0000000,0x00000000a2521b08,0x00000000a5580000)
 Metaspace       used 57882K, capacity 59458K, committed 59776K, reserved 1101824K
  class space    used 7634K, capacity 7975K, committed 8064K, reserved 1048576K
Event: 43.845 GC heap after
Heap after GC invocations=17 (full 3):
 PSYoungGen      total 333312K, used 416K [0x00000000e0000000, 0x00000000f5d80000, 0x0000000100000000)
  eden space 309760K, 0% used [0x00000000e0000000,0x00000000e0000000,0x00000000f2e80000)
  from space 23552K, 1% used [0x00000000f4600000,0x00000000f4668000,0x00000000f5d00000)
  to   space 24064K, 0% used [0x00000000f2e80000,0x00000000f2e80000,0x00000000f4600000)
 ParOldGen       total 87552K, used 38022K [0x00000000a0000000, 0x00000000a5580000, 0x00000000e0000000)
  object space 87552K, 43% used [0x00000000a0000000,0x00000000a2521b08,0x00000000a5580000)
 Metaspace       used 57882K, capacity 59458K, committed 59776K, reserved 1101824K
  class space    used 7634K, capacity 7975K, committed 8064K, reserved 1048576K
}
Event: 49.487 GC heap before
{Heap before GC invocations=18 (full 3):
 PSYoungGen      total 333312K, used 310176K [0x00000000e0000000, 0x00000000f5d80000, 0x0000000100000000)
  eden space 309760K, 100% used [0x00000000e0000000,0x00000000f2e80000,0x00000000f2e80000)
  from space 23552K, 1% used [0x00000000f4600000,0x00000000f4668000,0x00000000f5d00000)
  to   space 24064K, 0% used [0x00000000f2e80000,0x00000000f2e80000,0x00000000f4600000)
 ParOldGen       total 87552K, used 38022K [0x00000000a0000000, 0x00000000a5580000, 0x00000000e0000000)
  object space 87552K, 43% used [0x00000000a0000000,0x00000000a2521b08,0x00000000a5580000)
 Metaspace       used 61895K, capacity 63576K, committed 63744K, reserved 1103872K
  class space    used 8011K, capacity 8396K, committed 8448K, reserved 1048576K

