# JRE version: OpenJDK Runtime Environment (8.0_76-b03) (build 1.8.0_76-release-b03)
# Java VM: OpenJDK 64-Bit Server VM (25.76-b03 mixed mode linux-amd64 compressed oops)
Heap:
 PSYoungGen      total 133120K, used 9711K [0x00000000e0000000, 0x00000000e8d80000, 0x0000000100000000)
  eden space 123392K, 0% used [0x00000000e0000000,0x00000000e0000000,0x00000000e7880000)
  from space 9728K, 99% used [0x00000000e8400000,0x00000000e8d7bde8,0x00000000e8d80000)
  to   space 10240K, 0% used [0x00000000e7880000,0x00000000e7880000,0x00000000e8280000)
 ParOldGen       total 45568K, used 14824K [0x00000000a0000000, 0x00000000a2c80000, 0x00000000e0000000)
  object space 45568K, 32% used [0x00000000a0000000,0x00000000a0e7a208,0x00000000a2c80000)
 Metaspace       used 34658K, capacity 35208K, committed 35496K, reserved 1079296K
  class space    used 4651K, capacity 4811K, committed 4864K, reserved 1048576K
GC Heap History (10 events):
Event: 3.045 GC heap after
Heap after GC invocations=4 (full 0):
 PSYoungGen      total 66048K, used 2544K [0x00000000e0000000, 0x00000000e4300000, 0x0000000100000000)
  eden space 63488K, 0% used [0x00000000e0000000,0x00000000e0000000,0x00000000e3e00000)
  from space 2560K, 99% used [0x00000000e4080000,0x00000000e42fc030,0x00000000e4300000)
  to   space 2560K, 0% used [0x00000000e3e00000,0x00000000e3e00000,0x00000000e4080000)
 ParOldGen       total 42496K, used 9720K [0x00000000a0000000, 0x00000000a2980000, 0x00000000e0000000)
  object space 42496K, 22% used [0x00000000a0000000,0x00000000a097e0a0,0x00000000a2980000)
 Metaspace       used 17378K, capacity 17704K, committed 17920K, reserved 1064960K
  class space    used 2349K, capacity 2446K, committed 2560K, reserved 1048576K
}
Event: 4.261 GC heap before
{Heap before GC invocations=5 (full 0):
 PSYoungGen      total 66048K, used 37803K [0x00000000e0000000, 0x00000000e4300000, 0x0000000100000000)
  eden space 63488K, 55% used [0x00000000e0000000,0x00000000e226ed58,0x00000000e3e00000)
  from space 2560K, 99% used [0x00000000e4080000,0x00000000e42fc030,0x00000000e4300000)
  to   space 2560K, 0% used [0x00000000e3e00000,0x00000000e3e00000,0x00000000e4080000)
 ParOldGen       total 42496K, used 9720K [0x00000000a0000000, 0x00000000a2980000, 0x00000000e0000000)
  object space 42496K, 22% used [0x00000000a0000000,0x00000000a097e0a0,0x00000000a2980000)
 Metaspace       used 20876K, capacity 21158K, committed 21296K, reserved 1067008K
  class space    used 2789K, capacity 2907K, committed 2944K, reserved 1048576K
Event: 4.277 GC heap after
Heap after GC invocations=5 (full 0):
 PSYoungGen      total 66048K, used 2528K [0x00000000e0000000, 0x00000000e9000000, 0x0000000100000000)
  eden space 63488K, 0% used [0x00000000e0000000,0x00000000e0000000,0x00000000e3e00000)
  from space 2560K, 98% used [0x00000000e3e00000,0x00000000e4078030,0x00000000e4080000)
  to   space 10240K, 0% used [0x00000000e8600000,0x00000000e8600000,0x00000000e9000000)
 ParOldGen       total 42496K, used 14160K [0x00000000a0000000, 0x00000000a2980000, 0x00000000e0000000)
  object space 42496K, 33% used [0x00000000a0000000,0x00000000a0dd4020,0x00000000a2980000)
 Metaspace       used 20876K, capacity 21158K, committed 21296K, reserved 1067008K
  class space    used 2789K, capacity 2907K, committed 2944K, reserved 1048576K
}
Event: 4.277 GC heap before
{Heap before GC invocations=6 (full 1):
 PSYoungGen      total 66048K, used 2528K [0x00000000e0000000, 0x00000000e9000000, 0x0000000100000000)
  eden space 63488K, 0% used [0x00000000e0000000,0x00000000e0000000,0x00000000e3e00000)
  from space 2560K, 98% used [0x00000000e3e00000,0x00000000e4078030,0x00000000e4080000)
  to   space 10240K, 0% used [0x00000000e8600000,0x00000000e8600000,0x00000000e9000000)
 ParOldGen       total 42496K, used 14160K [0x00000000a0000000, 0x00000000a2980000, 0x00000000e0000000)
  object space 42496K, 33% used [0x00000000a0000000,0x00000000a0dd4020,0x00000000a2980000)
 Metaspace       used 20876K, capacity 21158K, committed 21296K, reserved 1067008K
  class space    used 2789K, capacity 2907K, committed 2944K, reserved 1048576K
Event: 4.367 GC heap after
Heap after GC invocations=6 (full 1):
 PSYoungGen      total 66048K, used 0K [0x00000000e0000000, 0x00000000e9000000, 0x0000000100000000)
  eden space 63488K, 0% used [0x00000000e0000000,0x00000000e0000000,0x00000000e3e00000)
  from space 2560K, 0% used [0x00000000e3e00000,0x00000000e3e00000,0x00000000e4080000)
  to   space 10240K, 0% used [0x00000000e8600000,0x00000000e8600000,0x00000000e9000000)
 ParOldGen       total 45568K, used 12762K [0x00000000a0000000, 0x00000000a2c80000, 0x00000000e0000000)
  object space 45568K, 28% used [0x00000000a0000000,0x00000000a0c76988,0x00000000a2c80000)
 Metaspace       used 20876K, capacity 21158K, committed 21296K, reserved 1067008K
  class space    used 2789K, capacity 2907K, committed 2944K, reserved 1048576K
}
Event: 5.769 GC heap before
{Heap before GC invocations=7 (full 1):
 PSYoungGen      total 66048K, used 63488K [0x00000000e0000000, 0x00000000e9000000, 0x0000000100000000)
  eden space 63488K, 100% used [0x00000000e0000000,0x00000000e3e00000,0x00000000e3e00000)
  from space 2560K, 0% used [0x00000000e3e00000,0x00000000e3e00000,0x00000000e4080000)
  to   space 10240K, 0% used [0x00000000e8600000,0x00000000e8600000,0x00000000e9000000)
 ParOldGen       total 45568K, used 12762K [0x00000000a0000000, 0x00000000a2c80000, 0x00000000e0000000)
  object space 45568K, 28% used [0x00000000a0000000,0x00000000a0c76988,0x00000000a2c80000)
 Metaspace       used 26539K, capacity 27002K, committed 27136K, reserved 1073152K
  class space    used 3676K, capacity 3805K, committed 3840K, reserved 1048576K
Event: 5.786 GC heap after
Heap after GC invocations=7 (full 1):
 PSYoungGen      total 96768K, used 6481K [0x00000000e0000000, 0x00000000e8c80000, 0x0000000100000000)
  eden space 90112K, 0% used [0x00000000e0000000,0x00000000e0000000,0x00000000e5800000)
  from space 6656K, 97% used [0x00000000e8600000,0x00000000e8c544f8,0x00000000e8c80000)
  to   space 10240K, 0% used [0x00000000e7880000,0x00000000e7880000,0x00000000e8280000)
 ParOldGen       total 45568K, used 12770K [0x00000000a0000000, 0x00000000a2c80000, 0x00000000e0000000)
  object space 45568K, 28% used [0x00000000a0000000,0x00000000a0c78988,0x00000000a2c80000)
 Metaspace       used 26539K, capacity 27002K, committed 27136K, reserved 1073152K
  class space    used 3676K, capacity 3805K, committed 3840K, reserved 1048576K
}
Event: 7.711 GC heap before
{Heap before GC invocations=8 (full 1):
 PSYoungGen      total 96768K, used 96593K [0x00000000e0000000, 0x00000000e8c80000, 0x0000000100000000)
  eden space 90112K, 100% used [0x00000000e0000000,0x00000000e5800000,0x00000000e5800000)
  from space 6656K, 97% used [0x00000000e8600000,0x00000000e8c544f8,0x00000000e8c80000)
  to   space 10240K, 0% used [0x00000000e7880000,0x00000000e7880000,0x00000000e8280000)
 ParOldGen       total 45568K, used 12770K [0x00000000a0000000, 0x00000000a2c80000, 0x00000000e0000000)
  object space 45568K, 28% used [0x00000000a0000000,0x00000000a0c78988,0x00000000a2c80000)
 Metaspace       used 28794K, capacity 29344K, committed 29568K, reserved 1075200K
  class space    used 3925K, capacity 4117K, committed 4224K, reserved 1048576K
Event: 7.727 GC heap after
Heap after GC invocations=8 (full 1):
 PSYoungGen      total 133632K, used 5784K [0x00000000e0000000, 0x00000000e8d80000, 0x0000000100000000)
  eden space 123392K, 0% used [0x00000000e0000000,0x00000000e0000000,0x00000000e7880000)
  from space 10240K, 56% used [0x00000000e7880000,0x00000000e7e26030,0x00000000e8280000)
  to   space 9728K, 0% used [0x00000000e8400000,0x00000000e8400000,0x00000000e8d80000)
 ParOldGen       total 45568K, used 12778K [0x00000000a0000000, 0x00000000a2c80000, 0x00000000e0000000)
  object space 45568K, 28% used [0x00000000a0000000,0x00000000a0c7a988,0x00000000a2c80000)
 Metaspace       used 28794K, capacity 29344K, committed 29568K, reserved 1075200K
  class space    used 3925K, capacity 4117K, committed 4224K, reserved 1048576K
}
Event: 9.289 GC heap before
{Heap before GC invocations=9 (full 1):
 PSYoungGen      total 133632K, used 87991K [0x00000000e0000000, 0x00000000e8d80000, 0x0000000100000000)
  eden space 123392K, 66% used [0x00000000e0000000,0x00000000e5047e10,0x00000000e7880000)
  from space 10240K, 56% used [0x00000000e7880000,0x00000000e7e26030,0x00000000e8280000)
  to   space 9728K, 0% used [0x00000000e8400000,0x00000000e8400000,0x00000000e8d80000)
 ParOldGen       total 45568K, used 12778K [0x00000000a0000000, 0x00000000a2c80000, 0x00000000e0000000)
  object space 45568K, 28% used [0x00000000a0000000,0x00000000a0c7a988,0x00000000a2c80000)
 Metaspace       used 34658K, capacity 35208K, committed 35496K, reserved 1079296K
  class space    used 4651K, capacity 4811K, committed 4864K, reserved 1048576K

